<?xml version="1.0" encoding="UTF-8"?>
<coverage generated="1489512266">
  <project timestamp="1489512266">
    <package name="MaarchTest">
      <file name="/var/www/html/MaarchCourrier/core/Test/DocserverControllerTest.php">
        <class name="DocserverControllerTest" namespace="MaarchTest">
          <metrics complexity="6" methods="5" coveredmethods="5" conditionals="0" coveredconditionals="0" statements="45" coveredstatements="45" elements="50" coveredelements="50"/>
        </class>
        <line num="141" type="method" name="testGetDocserverToInsert" visibility="public" complexity="1" crap="1" count="1"/>
        <line num="143" type="stmt" count="1"/>
        <line num="147" type="stmt" count="1"/>
        <line num="149" type="stmt" count="1"/>
        <line num="151" type="stmt" count="1"/>
        <line num="152" type="stmt" count="1"/>
        <line num="153" type="stmt" count="1"/>
        <line num="155" type="stmt" count="1"/>
        <line num="157" type="method" name="testCheckSize" visibility="public" complexity="1" crap="1" count="1"/>
        <line num="159" type="stmt" count="1"/>
        <line num="163" type="stmt" count="1"/>
        <line num="165" type="stmt" count="1"/>
        <line num="168" type="stmt" count="1"/>
        <line num="169" type="stmt" count="1"/>
        <line num="172" type="stmt" count="1"/>
        <line num="174" type="stmt" count="1"/>
        <line num="175" type="stmt" count="1"/>
        <line num="177" type="method" name="testSetSize" visibility="public" complexity="1" crap="1" count="1"/>
        <line num="179" type="stmt" count="1"/>
        <line num="183" type="stmt" count="1"/>
        <line num="185" type="stmt" count="1"/>
        <line num="188" type="stmt" count="1"/>
        <line num="189" type="stmt" count="1"/>
        <line num="192" type="stmt" count="1"/>
        <line num="194" type="stmt" count="1"/>
        <line num="195" type="stmt" count="1"/>
        <line num="197" type="method" name="testGetNextFileNameInDocserver" visibility="public" complexity="1" crap="1" count="1"/>
        <line num="199" type="stmt" count="1"/>
        <line num="203" type="stmt" count="1"/>
        <line num="205" type="stmt" count="1"/>
        <line num="207" type="stmt" count="1"/>
        <line num="208" type="stmt" count="1"/>
        <line num="210" type="method" name="testStoreResourceOnDocserver" visibility="public" complexity="2" crap="2" count="1"/>
        <line num="212" type="stmt" count="1"/>
        <line num="214" type="stmt" count="1"/>
        <line num="216" type="stmt" count="1"/>
        <line num="217" type="stmt" count="1"/>
        <line num="220" type="stmt" count="1"/>
        <line num="222" type="stmt" count="1"/>
        <line num="223" type="stmt" count="1"/>
        <line num="224" type="stmt" count="1"/>
        <line num="227" type="stmt" count="1"/>
        <line num="230" type="stmt" count="1"/>
        <line num="231" type="stmt" count="1"/>
        <line num="232" type="stmt" count="1"/>
        <line num="233" type="stmt" count="1"/>
        <line num="237" type="stmt" count="1"/>
        <line num="241" type="stmt" count="1"/>
        <line num="242" type="stmt" count="1"/>
        <line num="245" type="stmt" count="1"/>
        <metrics loc="246" ncloc="44" classes="1" methods="5" coveredmethods="5" conditionals="0" coveredconditionals="0" statements="45" coveredstatements="45" elements="50" coveredelements="50"/>
      </file>
      <file name="/var/www/html/MaarchCourrier/core/Test/DocserverToolsControllerTest.php">
        <class name="DocserverToolsControllerTest" namespace="MaarchTest">
          <metrics complexity="10" methods="6" coveredmethods="2" conditionals="0" coveredconditionals="0" statements="61" coveredstatements="57" elements="67" coveredelements="59"/>
        </class>
        <line num="16" type="method" name="testSetRights" visibility="public" complexity="1" crap="1" count="1"/>
        <line num="18" type="stmt" count="1"/>
        <line num="22" type="stmt" count="1"/>
        <line num="24" type="stmt" count="1"/>
        <line num="26" type="stmt" count="1"/>
        <line num="27" type="stmt" count="1"/>
        <line num="29" type="method" name="testDoFingerprint" visibility="public" complexity="2" crap="2.00" count="1"/>
        <line num="31" type="stmt" count="1"/>
        <line num="33" type="stmt" count="1"/>
        <line num="35" type="stmt" count="1"/>
        <line num="36" type="stmt" count="0"/>
        <line num="39" type="stmt" count="1"/>
        <line num="42" type="stmt" count="1"/>
        <line num="43" type="stmt" count="1"/>
        <line num="44" type="stmt" count="1"/>
        <line num="47" type="stmt" count="1"/>
        <line num="48" type="stmt" count="1"/>
        <line num="51" type="stmt" count="1"/>
        <line num="53" type="stmt" count="1"/>
        <line num="54" type="stmt" count="1"/>
        <line num="56" type="method" name="testControlFingerprint" visibility="public" complexity="2" crap="2.00" count="1"/>
        <line num="58" type="stmt" count="1"/>
        <line num="60" type="stmt" count="1"/>
        <line num="62" type="stmt" count="1"/>
        <line num="63" type="stmt" count="0"/>
        <line num="66" type="stmt" count="1"/>
        <line num="68" type="stmt" count="1"/>
        <line num="69" type="stmt" count="1"/>
        <line num="70" type="stmt" count="1"/>
        <line num="73" type="stmt" count="1"/>
        <line num="74" type="stmt" count="1"/>
        <line num="75" type="stmt" count="1"/>
        <line num="78" type="stmt" count="1"/>
        <line num="80" type="stmt" count="1"/>
        <line num="81" type="stmt" count="1"/>
        <line num="83" type="method" name="testCopyOnDocserver" visibility="public" complexity="2" crap="2.00" count="1"/>
        <line num="85" type="stmt" count="1"/>
        <line num="87" type="stmt" count="1"/>
        <line num="89" type="stmt" count="1"/>
        <line num="90" type="stmt" count="0"/>
        <line num="93" type="stmt" count="1"/>
        <line num="94" type="stmt" count="1"/>
        <line num="96" type="stmt" count="1"/>
        <line num="97" type="stmt" count="1"/>
        <line num="98" type="stmt" count="1"/>
        <line num="101" type="stmt" count="1"/>
        <line num="102" type="stmt" count="1"/>
        <line num="103" type="stmt" count="1"/>
        <line num="104" type="stmt" count="1"/>
        <line num="107" type="stmt" count="1"/>
        <line num="109" type="stmt" count="1"/>
        <line num="110" type="stmt" count="1"/>
        <line num="112" type="method" name="testWashTmp" visibility="public" complexity="2" crap="2.01" count="1"/>
        <line num="114" type="stmt" count="1"/>
        <line num="116" type="stmt" count="1"/>
        <line num="118" type="stmt" count="1"/>
        <line num="119" type="stmt" count="0"/>
        <line num="123" type="stmt" count="1"/>
        <line num="127" type="stmt" count="1"/>
        <line num="129" type="stmt" count="1"/>
        <line num="130" type="stmt" count="1"/>
        <line num="132" type="method" name="testCreatePathOnDocServer" visibility="public" complexity="1" crap="1" count="1"/>
        <line num="134" type="stmt" count="1"/>
        <line num="138" type="stmt" count="1"/>
        <line num="140" type="stmt" count="1"/>
        <line num="142" type="stmt" count="1"/>
        <line num="143" type="stmt" count="1"/>
        <metrics loc="144" ncloc="136" classes="1" methods="6" coveredmethods="2" conditionals="0" coveredconditionals="0" statements="61" coveredstatements="57" elements="67" coveredelements="59"/>
      </file>
      <file name="/var/www/html/MaarchCourrier/core/Test/DocserverTypeControllerTest.php">
        <class name="DocserverTypeControllerTest" namespace="MaarchTest">
          <metrics complexity="2" methods="2" coveredmethods="2" conditionals="0" coveredconditionals="0" statements="18" coveredstatements="18" elements="20" coveredelements="20"/>
        </class>
        <line num="16" type="method" name="testGetList" visibility="public" complexity="1" crap="1" count="1"/>
        <line num="18" type="stmt" count="1"/>
        <line num="20" type="stmt" count="1"/>
        <line num="22" type="stmt" count="1"/>
        <line num="28" type="stmt" count="1"/>
        <line num="29" type="stmt" count="1"/>
        <line num="30" type="stmt" count="1"/>
        <line num="32" type="stmt" count="1"/>
        <line num="33" type="stmt" count="1"/>
        <line num="35" type="method" name="testGetById" visibility="public" complexity="1" crap="1" count="1"/>
        <line num="37" type="stmt" count="1"/>
        <line num="39" type="stmt" count="1"/>
        <line num="41" type="stmt" count="1"/>
        <line num="47" type="stmt" count="1"/>
        <line num="49" type="stmt" count="1"/>
        <line num="50" type="stmt" count="1"/>
        <line num="51" type="stmt" count="1"/>
        <line num="58" type="stmt" count="1"/>
        <line num="60" type="stmt" count="1"/>
        <line num="61" type="stmt" count="1"/>
        <metrics loc="143" ncloc="9" classes="1" methods="2" coveredmethods="2" conditionals="0" coveredconditionals="0" statements="18" coveredstatements="18" elements="20" coveredelements="20"/>
      </file>
      <file name="/var/www/html/MaarchCourrier/core/Test/ResControllerTest.php">
        <class name="ResControllerTest" namespace="MaarchTest">
          <metrics complexity="7" methods="5" coveredmethods="4" conditionals="0" coveredconditionals="0" statements="89" coveredstatements="88" elements="94" coveredelements="92"/>
        </class>
        <line num="17" type="method" name="testPrepareStorage" visibility="public" complexity="1" crap="1" count="1"/>
        <line num="19" type="stmt" count="1"/>
        <line num="21" type="stmt" count="1"/>
        <line num="23" type="stmt" count="1"/>
        <line num="26" type="stmt" count="1"/>
        <line num="32" type="stmt" count="1"/>
        <line num="35" type="stmt" count="1"/>
        <line num="42" type="stmt" count="1"/>
        <line num="43" type="stmt" count="1"/>
        <line num="44" type="stmt" count="1"/>
        <line num="45" type="stmt" count="1"/>
        <line num="48" type="stmt" count="1"/>
        <line num="50" type="stmt" count="1"/>
        <line num="51" type="stmt" count="1"/>
        <line num="53" type="method" name="testStoreResource" visibility="public" complexity="2" crap="2" count="1"/>
        <line num="55" type="stmt" count="1"/>
        <line num="57" type="stmt" count="1"/>
        <line num="59" type="stmt" count="1"/>
        <line num="60" type="stmt" count="1"/>
        <line num="63" type="stmt" count="1"/>
        <line num="65" type="stmt" count="1"/>
        <line num="66" type="stmt" count="1"/>
        <line num="67" type="stmt" count="1"/>
        <line num="69" type="stmt" count="1"/>
        <line num="70" type="stmt" count="1"/>
        <line num="72" type="stmt" count="1"/>
        <line num="74" type="stmt" count="1"/>
        <line num="77" type="stmt" count="1"/>
        <line num="83" type="stmt" count="1"/>
        <line num="86" type="stmt" count="1"/>
        <line num="92" type="stmt" count="1"/>
        <line num="95" type="stmt" count="1"/>
        <line num="101" type="stmt" count="1"/>
        <line num="104" type="stmt" count="1"/>
        <line num="111" type="stmt" count="1"/>
        <line num="112" type="stmt" count="1"/>
        <line num="113" type="stmt" count="1"/>
        <line num="114" type="stmt" count="1"/>
        <line num="115" type="stmt" count="1"/>
        <line num="116" type="stmt" count="1"/>
        <line num="119" type="stmt" count="1"/>
        <line num="121" type="stmt" count="1"/>
        <line num="122" type="stmt" count="1"/>
        <line num="124" type="method" name="testDelete" visibility="public" complexity="1" crap="1" count="1"/>
        <line num="126" type="stmt" count="1"/>
        <line num="128" type="stmt" count="1"/>
        <line num="130" type="stmt" count="1"/>
        <line num="134" type="stmt" count="1"/>
        <line num="137" type="stmt" count="1"/>
        <line num="140" type="stmt" count="1"/>
        <line num="141" type="stmt" count="1"/>
        <line num="142" type="stmt" count="1"/>
        <line num="144" type="stmt" count="1"/>
        <line num="145" type="stmt" count="1"/>
        <line num="147" type="method" name="testCreate" visibility="public" complexity="2" crap="2" count="1"/>
        <line num="149" type="stmt" count="1"/>
        <line num="151" type="stmt" count="1"/>
        <line num="153" type="stmt" count="1"/>
        <line num="157" type="stmt" count="1"/>
        <line num="159" type="stmt" count="1"/>
        <line num="160" type="stmt" count="0"/>
        <line num="163" type="stmt" count="1"/>
        <line num="165" type="stmt" count="1"/>
        <line num="166" type="stmt" count="1"/>
        <line num="167" type="stmt" count="1"/>
        <line num="169" type="stmt" count="1"/>
        <line num="170" type="stmt" count="1"/>
        <line num="173" type="stmt" count="1"/>
        <line num="175" type="stmt" count="1"/>
        <line num="178" type="stmt" count="1"/>
        <line num="184" type="stmt" count="1"/>
        <line num="187" type="stmt" count="1"/>
        <line num="193" type="stmt" count="1"/>
        <line num="196" type="stmt" count="1"/>
        <line num="202" type="stmt" count="1"/>
        <line num="205" type="stmt" count="1"/>
        <line num="217" type="stmt" count="1"/>
        <line num="218" type="stmt" count="1"/>
        <line num="219" type="stmt" count="1"/>
        <line num="220" type="stmt" count="1"/>
        <line num="221" type="stmt" count="1"/>
        <line num="222" type="stmt" count="1"/>
        <line num="225" type="stmt" count="1"/>
        <line num="226" type="stmt" count="1"/>
        <line num="227" type="stmt" count="1"/>
        <line num="229" type="stmt" count="1"/>
        <line num="230" type="stmt" count="1"/>
        <line num="232" type="method" name="testDeleteRes" visibility="public" complexity="1" crap="1" count="1"/>
        <line num="234" type="stmt" count="1"/>
        <line num="236" type="stmt" count="1"/>
        <line num="239" type="stmt" count="1"/>
        <line num="242" type="stmt" count="1"/>
        <line num="244" type="stmt" count="1"/>
        <line num="245" type="stmt" count="1"/>
        <metrics loc="246" ncloc="226" classes="1" methods="5" coveredmethods="4" conditionals="0" coveredconditionals="0" statements="89" coveredstatements="88" elements="94" coveredelements="92"/>
      </file>
      <file name="/var/www/html/MaarchCourrier/core/Test/ResExtControllerTest.php">
        <class name="ResExtControllerTest" namespace="MaarchTest">
          <metrics complexity="8" methods="7" coveredmethods="6" conditionals="0" coveredconditionals="0" statements="135" coveredstatements="134" elements="142" coveredelements="140"/>
        </class>
        <line num="16" type="method" name="testCreate" visibility="public" complexity="1" crap="1" count="1"/>
        <line num="18" type="stmt" count="1"/>
        <line num="20" type="stmt" count="1"/>
        <line num="22" type="stmt" count="1"/>
        <line num="24" type="stmt" count="1"/>
        <line num="28" type="stmt" count="1"/>
        <line num="30" type="stmt" count="1"/>
        <line num="33" type="stmt" count="1"/>
        <line num="39" type="stmt" count="1"/>
        <line num="42" type="stmt" count="1"/>
        <line num="48" type="stmt" count="1"/>
        <line num="51" type="stmt" count="1"/>
        <line num="57" type="stmt" count="1"/>
        <line num="60" type="stmt" count="1"/>
        <line num="66" type="stmt" count="1"/>
        <line num="69" type="stmt" count="1"/>
        <line num="75" type="stmt" count="1"/>
        <line num="78" type="stmt" count="1"/>
        <line num="84" type="stmt" count="1"/>
        <line num="87" type="stmt" count="1"/>
        <line num="93" type="stmt" count="1"/>
        <line num="96" type="stmt" count="1"/>
        <line num="97" type="stmt" count="1"/>
        <line num="98" type="stmt" count="1"/>
        <line num="103" type="stmt" count="1"/>
        <line num="104" type="stmt" count="1"/>
        <line num="105" type="stmt" count="1"/>
        <line num="106" type="stmt" count="1"/>
        <line num="109" type="stmt" count="1"/>
        <line num="110" type="stmt" count="1"/>
        <line num="111" type="stmt" count="1"/>
        <line num="113" type="stmt" count="1"/>
        <line num="115" type="stmt" count="1"/>
        <line num="116" type="stmt" count="1"/>
        <line num="118" type="method" name="testDelete" visibility="public" complexity="1" crap="1" count="1"/>
        <line num="120" type="stmt" count="1"/>
        <line num="122" type="stmt" count="1"/>
        <line num="124" type="stmt" count="1"/>
        <line num="128" type="stmt" count="1"/>
        <line num="131" type="stmt" count="1"/>
        <line num="134" type="stmt" count="1"/>
        <line num="135" type="stmt" count="1"/>
        <line num="136" type="stmt" count="1"/>
        <line num="138" type="stmt" count="1"/>
        <line num="139" type="stmt" count="1"/>
        <line num="141" type="method" name="testPrepareStorageExt" visibility="public" complexity="1" crap="1" count="1"/>
        <line num="143" type="stmt" count="1"/>
        <line num="145" type="stmt" count="1"/>
        <line num="147" type="stmt" count="1"/>
        <line num="150" type="stmt" count="1"/>
        <line num="156" type="stmt" count="1"/>
        <line num="159" type="stmt" count="1"/>
        <line num="165" type="stmt" count="1"/>
        <line num="168" type="stmt" count="1"/>
        <line num="174" type="stmt" count="1"/>
        <line num="177" type="stmt" count="1"/>
        <line num="183" type="stmt" count="1"/>
        <line num="186" type="stmt" count="1"/>
        <line num="192" type="stmt" count="1"/>
        <line num="195" type="stmt" count="1"/>
        <line num="201" type="stmt" count="1"/>
        <line num="204" type="stmt" count="1"/>
        <line num="210" type="stmt" count="1"/>
        <line num="213" type="stmt" count="1"/>
        <line num="214" type="stmt" count="1"/>
        <line num="215" type="stmt" count="1"/>
        <line num="220" type="stmt" count="1"/>
        <line num="221" type="stmt" count="1"/>
        <line num="222" type="stmt" count="1"/>
        <line num="225" type="stmt" count="1"/>
        <line num="227" type="stmt" count="1"/>
        <line num="228" type="stmt" count="1"/>
        <line num="230" type="method" name="testStoreExtResource" visibility="public" complexity="1" crap="1" count="1"/>
        <line num="232" type="stmt" count="1"/>
        <line num="234" type="stmt" count="1"/>
        <line num="236" type="stmt" count="1"/>
        <line num="238" type="stmt" count="1"/>
        <line num="241" type="stmt" count="1"/>
        <line num="247" type="stmt" count="1"/>
        <line num="250" type="stmt" count="1"/>
        <line num="256" type="stmt" count="1"/>
        <line num="259" type="stmt" count="1"/>
        <line num="265" type="stmt" count="1"/>
        <line num="268" type="stmt" count="1"/>
        <line num="274" type="stmt" count="1"/>
        <line num="277" type="stmt" count="1"/>
        <line num="283" type="stmt" count="1"/>
        <line num="286" type="stmt" count="1"/>
        <line num="292" type="stmt" count="1"/>
        <line num="295" type="stmt" count="1"/>
        <line num="301" type="stmt" count="1"/>
        <line num="304" type="stmt" count="1"/>
        <line num="305" type="stmt" count="1"/>
        <line num="306" type="stmt" count="1"/>
        <line num="311" type="stmt" count="1"/>
        <line num="312" type="stmt" count="1"/>
        <line num="313" type="stmt" count="1"/>
        <line num="314" type="stmt" count="1"/>
        <line num="317" type="stmt" count="1"/>
        <line num="319" type="stmt" count="1"/>
        <line num="321" type="stmt" count="1"/>
        <line num="322" type="stmt" count="1"/>
        <line num="324" type="method" name="testDeleteExtRes" visibility="public" complexity="1" crap="1" count="1"/>
        <line num="326" type="stmt" count="1"/>
        <line num="328" type="stmt" count="1"/>
        <line num="331" type="stmt" count="1"/>
        <line num="334" type="stmt" count="1"/>
        <line num="336" type="stmt" count="1"/>
        <line num="337" type="stmt" count="1"/>
        <line num="339" type="method" name="createResArtefact" visibility="public" complexity="2" crap="2" count="2"/>
        <line num="341" type="stmt" count="2"/>
        <line num="343" type="stmt" count="2"/>
        <line num="345" type="stmt" count="2"/>
        <line num="346" type="stmt" count="0"/>
        <line num="349" type="stmt" count="2"/>
        <line num="351" type="stmt" count="2"/>
        <line num="352" type="stmt" count="2"/>
        <line num="353" type="stmt" count="2"/>
        <line num="355" type="stmt" count="2"/>
        <line num="356" type="stmt" count="2"/>
        <line num="358" type="stmt" count="2"/>
        <line num="360" type="stmt" count="2"/>
        <line num="363" type="stmt" count="2"/>
        <line num="369" type="stmt" count="2"/>
        <line num="372" type="stmt" count="2"/>
        <line num="378" type="stmt" count="2"/>
        <line num="381" type="stmt" count="2"/>
        <line num="387" type="stmt" count="2"/>
        <line num="390" type="stmt" count="2"/>
        <line num="397" type="stmt" count="2"/>
        <line num="398" type="stmt" count="2"/>
        <line num="399" type="stmt" count="2"/>
        <line num="400" type="stmt" count="2"/>
        <line num="401" type="stmt" count="2"/>
        <line num="402" type="stmt" count="2"/>
        <line num="405" type="stmt" count="2"/>
        <line num="407" type="stmt" count="2"/>
        <line num="410" type="method" name="deleteResArtefact" visibility="public" complexity="1" crap="1" count="2"/>
        <line num="412" type="stmt" count="2"/>
        <line num="415" type="stmt" count="2"/>
        <line num="418" type="stmt" count="2"/>
        <line num="419" type="stmt" count="2"/>
        <metrics loc="420" ncloc="414" classes="1" methods="7" coveredmethods="6" conditionals="0" coveredconditionals="0" statements="135" coveredstatements="134" elements="142" coveredelements="140"/>
      </file>
      <file name="/var/www/html/MaarchCourrier/core/Test/StatusControllerTest.php">
        <class name="StatusControllerTest" namespace="MaarchTest">
          <metrics complexity="5" methods="5" coveredmethods="5" conditionals="0" coveredconditionals="0" statements="53" coveredstatements="53" elements="58" coveredelements="58"/>
        </class>
        <line num="16" type="method" name="testGetList" visibility="public" complexity="1" crap="1" count="1"/>
        <line num="18" type="stmt" count="1"/>
        <line num="20" type="stmt" count="1"/>
        <line num="22" type="stmt" count="1"/>
        <line num="28" type="stmt" count="1"/>
        <line num="29" type="stmt" count="1"/>
        <line num="30" type="stmt" count="1"/>
        <line num="32" type="stmt" count="1"/>
        <line num="33" type="stmt" count="1"/>
        <line num="35" type="method" name="testGetById" visibility="public" complexity="1" crap="1" count="1"/>
        <line num="37" type="stmt" count="1"/>
        <line num="39" type="stmt" count="1"/>
        <line num="41" type="stmt" count="1"/>
        <line num="47" type="stmt" count="1"/>
        <line num="49" type="stmt" count="1"/>
        <line num="50" type="stmt" count="1"/>
        <line num="51" type="stmt" count="1"/>
        <line num="55" type="stmt" count="1"/>
        <line num="57" type="stmt" count="1"/>
        <line num="58" type="stmt" count="1"/>
        <line num="60" type="method" name="testCreate" visibility="public" complexity="1" crap="1" count="1"/>
        <line num="62" type="stmt" count="1"/>
        <line num="64" type="stmt" count="1"/>
        <line num="65" type="stmt" count="1"/>
        <line num="67" type="stmt" count="1"/>
        <line num="69" type="stmt" count="1"/>
        <line num="70" type="stmt" count="1"/>
        <line num="76" type="stmt" count="1"/>
        <line num="78" type="stmt" count="1"/>
        <line num="79" type="stmt" count="1"/>
        <line num="80" type="stmt" count="1"/>
        <line num="85" type="stmt" count="1"/>
        <line num="87" type="stmt" count="1"/>
        <line num="88" type="stmt" count="1"/>
        <line num="90" type="method" name="testUpdate" visibility="public" complexity="1" crap="1" count="1"/>
        <line num="92" type="stmt" count="1"/>
        <line num="94" type="stmt" count="1"/>
        <line num="95" type="stmt" count="1"/>
        <line num="97" type="stmt" count="1"/>
        <line num="99" type="stmt" count="1"/>
        <line num="100" type="stmt" count="1"/>
        <line num="106" type="stmt" count="1"/>
        <line num="108" type="stmt" count="1"/>
        <line num="109" type="stmt" count="1"/>
        <line num="110" type="stmt" count="1"/>
        <line num="115" type="stmt" count="1"/>
        <line num="117" type="stmt" count="1"/>
        <line num="118" type="stmt" count="1"/>
        <line num="120" type="method" name="testDelete" visibility="public" complexity="1" crap="1" count="1"/>
        <line num="122" type="stmt" count="1"/>
        <line num="124" type="stmt" count="1"/>
        <line num="126" type="stmt" count="1"/>
        <line num="132" type="stmt" count="1"/>
        <line num="134" type="stmt" count="1"/>
        <line num="135" type="stmt" count="1"/>
        <line num="136" type="stmt" count="1"/>
        <line num="138" type="stmt" count="1"/>
        <line num="139" type="stmt" count="1"/>
        <metrics loc="140" ncloc="130" classes="1" methods="5" coveredmethods="5" conditionals="0" coveredconditionals="0" statements="53" coveredstatements="53" elements="58" coveredelements="58"/>
      </file>
    </package>
    <file name="/var/www/html/MaarchCourrier/core/Test/define.php">
      <line num="10" type="stmt" count="0"/>
      <line num="11" type="stmt" count="0"/>
      <line num="12" type="stmt" count="0"/>
      <line num="13" type="stmt" count="0"/>
      <line num="14" type="stmt" count="0"/>
      <line num="15" type="stmt" count="0"/>
      <line num="16" type="stmt" count="0"/>
      <line num="17" type="stmt" count="0"/>
      <line num="18" type="stmt" count="0"/>
      <line num="21" type="stmt" count="0"/>
      <line num="22" type="stmt" count="0"/>
      <line num="25" type="stmt" count="0"/>
      <line num="26" type="stmt" count="0"/>
      <line num="27" type="stmt" count="0"/>
      <line num="28" type="stmt" count="0"/>
      <line num="29" type="stmt" count="0"/>
      <line num="30" type="stmt" count="0"/>
      <line num="31" type="stmt" count="0"/>
      <line num="32" type="stmt" count="0"/>
      <line num="33" type="stmt" count="0"/>
      <line num="34" type="stmt" count="0"/>
      <line num="35" type="stmt" count="0"/>
      <line num="36" type="stmt" count="0"/>
      <line num="37" type="stmt" count="0"/>
      <line num="38" type="stmt" count="0"/>
      <line num="39" type="stmt" count="0"/>
      <line num="40" type="stmt" count="0"/>
      <line num="41" type="stmt" count="0"/>
      <line num="42" type="stmt" count="0"/>
      <line num="43" type="stmt" count="0"/>
      <line num="44" type="stmt" count="0"/>
      <line num="45" type="stmt" count="0"/>
      <line num="46" type="stmt" count="0"/>
      <line num="47" type="stmt" count="0"/>
      <line num="49" type="stmt" count="0"/>
      <line num="50" type="stmt" count="0"/>
      <line num="51" type="stmt" count="0"/>
      <line num="53" type="stmt" count="0"/>
      <line num="56" type="stmt" count="0"/>
      <line num="57" type="stmt" count="0"/>
      <line num="58" type="stmt" count="0"/>
      <line num="62" type="stmt" count="0"/>
      <line num="63" type="stmt" count="0"/>
      <line num="64" type="stmt" count="0"/>
      <line num="65" type="stmt" count="0"/>
      <line num="66" type="stmt" count="0"/>
      <line num="67" type="stmt" count="0"/>
      <line num="69" type="stmt" count="0"/>
      <line num="71" type="stmt" count="0"/>
      <line num="72" type="stmt" count="0"/>
      <line num="73" type="stmt" count="0"/>
      <metrics loc="73" ncloc="55" classes="0" methods="0" coveredmethods="0" conditionals="0" coveredconditionals="0" statements="51" coveredstatements="0" elements="51" coveredelements="0"/>
    </file>
    <metrics files="7" loc="1412" ncloc="1014" classes="6" methods="30" coveredmethods="24" conditionals="0" coveredconditionals="0" statements="452" coveredstatements="395" elements="482" coveredelements="419"/>
  </project>
</coverage>
